node:internal/modules/cjs/loader:1393
  throw err;
  ^

Error: Cannot find module 'electron/main'
Require stack:
- C:\Coding\sec-chat\chat-app\desktop-chat-app\main.cjs
    at Module._resolveFilename (node:internal/modules/cjs/loader:1390:15)
    at defaultResolveImpl (node:internal/modules/cjs/loader:1032:19)
    at resolveForCJSWithHooks (node:internal/modules/cjs/loader:1037:22)
    at Module._load (node:internal/modules/cjs/loader:1199:37)
    at c._load (node:electron/js2c/node_init:2:17993)
    at TracingChannel.traceSync (node:diagnostics_channel:328:14)
    at wrapModuleLoad (node:internal/modules/cjs/loader:244:24)
    at Module.require (node:internal/modules/cjs/loader:1470:12)
    at require (node:internal/modules/helpers:147:16)
    at Object.<anonymous> (C:\Coding\sec-chat\chat-app\desktop-chat-app\main.cjs:2:75) {
  code: 'MODULE_NOT_FOUND',
  requireStack: [ 'C:\\Coding\\sec-chat\\chat-app\\desktop-chat-app\\main.cjs' ]
}

Node.js v22.21.1
